0 0.002517 0.000000
1 0.002452 0.000000
2 0.002388 0.000002
3 0.002326 0.000007
4 0.002266 0.000013
5 0.002207 0.000021
6 0.002150 0.000030
7 0.002095 0.000041
8 0.002040 0.000053
9 0.001987 0.000067
10 0.001936 0.000081
11 0.001886 0.000096
12 0.001837 0.000112
13 0.002700 0.000128
14 0.003726 0.000145
15 0.004627 0.000164
16 0.005413 0.000184
17 0.006072 0.000208
18 0.006637 0.000234
19 0.007090 0.000265
20 0.007449 0.000299
21 0.007703 0.000337
22 0.007756 0.000380
23 0.007555 0.000426
24 0.007359 0.000477
25 0.007169 0.000530
26 0.006983 0.000587
27 0.006802 0.000646
28 0.006626 0.000708
29 0.006454 0.000771
30 0.006287 0.000836
31 0.006124 0.000902
32 0.005965 0.000969
33 0.005811 0.001037
34 0.005660 0.001105
35 0.005514 0.001174
36 0.005371 0.001242
37 0.005841 0.001310
38 0.006380 0.001378
39 0.006808 0.001446
40 0.007185 0.001514
41 0.007502 0.001583
42 0.007758 0.001653
43 0.007964 0.001724
44 0.008123 0.001796
45 0.008236 0.001870
46 0.008189 0.001945
47 0.007977 0.002021
48 0.007770 0.002098
49 0.007569 0.002176
50 0.007373 0.002254
51 0.007182 0.002332
52 0.006996 0.002411
53 0.006815 0.002489
54 0.006638 0.002566
55 0.006466 0.002643
56 0.006299 0.002719
57 0.006136 0.002794
58 0.005977 0.002867
59 0.005822 0.002939
60 0.005671 0.003009
61 0.006181 0.003078
62 0.006702 0.003145
63 0.007148 0.003211
64 0.007515 0.003276
65 0.007811 0.003341
66 0.008048 0.003406
67 0.008236 0.003471
68 0.008383 0.003536
69 0.008491 0.003601
70 0.008503 0.003667
71 0.008283 0.003734
72 0.008069 0.003800
73 0.007859 0.003867
74 0.007656 0.003934
75 0.007458 0.004000
76 0.007264 0.004066
77 0.007076 0.004131
78 0.006893 0.004195
79 0.006714 0.004257
80 0.006540 0.004318
81 0.006371 0.004378
82 0.006206 0.004437
83 0.006045 0.004493
84 0.005889 0.004548
85 0.006367 0.004601
86 0.006856 0.004652
87 0.007276 0.004701
88 0.007620 0.004749
89 0.007896 0.004797
90 0.008117 0.004845
91 0.008292 0.004892
92 0.008429 0.004940
93 0.008525 0.004988
94 0.008523 0.005036
95 0.008302 0.005084
96 0.008087 0.005133
97 0.007877 0.005181
98 0.007673 0.005230
99 0.007474 0.005278
100 0.007281 0.005325
101 0.007092 0.005371
102 0.006908 0.005416
103 0.006729 0.005461
104 0.006555 0.005503
105 0.006385 0.005545
106 0.006220 0.005585
107 0.006059 0.005623
108 0.005902 0.005659
109 0.006374 0.005694
110 0.006860 0.005727
111 0.007278 0.005758
112 0.007621 0.005789
113 0.007897 0.005819
114 0.008117 0.005849
115 0.008292 0.005879
116 0.008429 0.005910
117 0.008523 0.005940
118 0.008518 0.005971
119 0.008297 0.006003
120 0.008082 0.006035
121 0.007873 0.006067
122 0.007669 0.006099
123 0.007470 0.006131
124 0.007277 0.006162
125 0.007088 0.006192
126 0.006905 0.006222
127 0.006726 0.006251
128 0.006552 0.006278
129 0.006382 0.006305
130 0.006216 0.006330
131 0.006055 0.006354
132 0.005899 0.006376
133 0.006364 0.006396
134 0.006850 0.006415
135 0.007269 0.006433
136 0.007613 0.006450
137 0.007890 0.006467
138 0.008112 0.006483
139 0.008287 0.006500
140 0.008425 0.006518
141 0.008520 0.006536
142 0.008517 0.006555
143 0.008296 0.006574
144 0.008081 0.006594
145 0.007872 0.006614
146 0.007668 0.006635
147 0.007469 0.006655
148 0.007276 0.006675
149 0.007087 0.006695
150 0.006904 0.006714
151 0.006725 0.006732
152 0.006551 0.006749
153 0.006381 0.006765
154 0.006216 0.006780
155 0.006055 0.006794
156 0.005898 0.006807
157 0.006303 0.006818
158 0.006770 0.006827
159 0.007191 0.006836
160 0.007540 0.006844
161 0.007825 0.006852
162 0.008057 0.006860
163 0.008241 0.006868
164 0.008385 0.006877
165 0.008484 0.006887
166 0.008474 0.006897
167 0.008254 0.006908
168 0.008041 0.006920
169 0.007832 0.006933
170 0.007629 0.006945
171 0.007432 0.006958
172 0.007239 0.006971
173 0.007052 0.006983
174 0.006869 0.006995
175 0.006691 0.007006
176 0.006518 0.007016
177 0.006349 0.007026
178 0.006184 0.007034
179 0.006024 0.007042
180 0.005868 0.007048
181 0.006332 0.007053
182 0.006822 0.007056
183 0.007247 0.007059
184 0.007595 0.007061
185 0.007876 0.007063
186 0.008101 0.007066
187 0.008279 0.007069
188 0.008418 0.007073
189 0.008514 0.007078
190 0.008510 0.007084
191 0.008289 0.007090
192 0.008075 0.007098
193 0.007865 0.007106
194 0.007662 0.007115
195 0.007463 0.007123
196 0.007270 0.007132
197 0.007081 0.007141
198 0.006898 0.007149
199 0.006719 0.007156
200 0.006545 0.007163
201 0.006376 0.007169
202 0.006211 0.007174
203 0.006050 0.007179
204 0.005893 0.007182
205 0.006348 0.007183
206 0.006834 0.007184
207 0.007254 0.007184
208 0.007599 0.007183
209 0.007878 0.007183
210 0.008102 0.007183
211 0.008279 0.007183
212 0.008418 0.007185
213 0.008514 0.007187
214 0.008508 0.007190
215 0.008288 0.007194
216 0.008073 0.007200
217 0.007864 0.007205
218 0.007660 0.007212
219 0.007462 0.007218
220 0.007268 0.007225
221 0.007080 0.007231
222 0.006897 0.007237
223 0.006718 0.007243
224 0.006544 0.007248
225 0.006374 0.007252
226 0.006209 0.007255
227 0.006048 0.007257
228 0.005892 0.007258
229 0.006342 0.007258
230 0.006828 0.007257
231 0.007251 0.007255
232 0.007598 0.007253
233 0.007878 0.007251
234 0.008099 0.007249
235 0.008275 0.007248
236 0.008412 0.007248
237 0.008506 0.007249
238 0.008493 0.007250
239 0.008273 0.007253
240 0.008059 0.007257
241 0.007850 0.007261
242 0.007647 0.007266
243 0.007449 0.007271
244 0.007256 0.007277
245 0.007068 0.007282
246 0.006885 0.007286
247 0.006706 0.007290
248 0.006533 0.007294
249 0.006363 0.007297
250 0.006198 0.007299
251 0.006038 0.007300
252 0.005881 0.007300
253 0.006326 0.007299
254 0.006812 0.007296
255 0.007237 0.007293
256 0.007586 0.007290
257 0.007868 0.007287
258 0.008093 0.007284
259 0.008272 0.007282
260 0.008412 0.007281
261 0.008507 0.007281
262 0.008499 0.007281
263 0.008279 0.007283
264 0.008065 0.007286
265 0.007856 0.007290
266 0.007652 0.007294
267 0.007454 0.007298
268 0.007261 0.007302
269 0.007073 0.007307
270 0.006890 0.007311
271 0.006711 0.007314
272 0.006537 0.007317
273 0.006368 0.007319
274 0.006203 0.007321
275 0.006042 0.007321
276 0.005886 0.007321
277 0.006324 0.007319
278 0.006809 0.007316
279 0.007234 0.007312
280 0.007583 0.007308
281 0.007865 0.007305
282 0.008091 0.007302
283 0.008270 0.007299
284 0.008411 0.007297
285 0.008510 0.007297
286 0.008512 0.007297
287 0.008291 0.007298
288 0.008077 0.007301
289 0.007867 0.007304
290 0.007664 0.007308
291 0.007465 0.007312
292 0.007272 0.007316
293 0.007083 0.007320
294 0.006900 0.007323
295 0.006721 0.007327
296 0.006547 0.007329
297 0.006377 0.007331
298 0.006212 0.007332
299 0.006051 0.007333
300 0.005894 0.007332
301 0.006330 0.007330
302 0.006815 0.007327
303 0.007238 0.007323
304 0.007586 0.007319
305 0.007867 0.007315
306 0.008092 0.007312
307 0.008271 0.007309
308 0.008410 0.007307
309 0.008507 0.007306
310 0.008505 0.007306
311 0.008285 0.007308
312 0.008070 0.007310
313 0.007861 0.007313
314 0.007657 0.007316
315 0.007459 0.007320
316 0.007266 0.007324
317 0.007077 0.007328
318 0.006894 0.007331
319 0.006716 0.007334
320 0.006542 0.007337
321 0.006372 0.007339
322 0.006207 0.007340
323 0.006046 0.007340
324 0.005890 0.007339
325 0.006174 0.007336
326 0.006602 0.007333
327 0.007024 0.007329
328 0.007386 0.007324
329 0.007686 0.007320
330 0.007915 0.007316
331 0.008100 0.007312
332 0.008242 0.007309
333 0.008310 0.007307
334 0.008224 0.007306
335 0.008011 0.007306
336 0.007804 0.007307
337 0.007601 0.007308
338 0.007405 0.007310
339 0.007213 0.007312
340 0.007026 0.007314
341 0.006844 0.007315
342 0.006667 0.007317
343 0.006494 0.007317
344 0.006326 0.007318
345 0.006162 0.007317
346 0.006002 0.007315
347 0.005847 0.007313
348 0.005695 0.007310
349 0.006153 0.007305
350 0.006669 0.007299
351 0.007121 0.007293
352 0.007493 0.007286
353 0.007794 0.007280
354 0.008034 0.007274
355 0.008225 0.007269
356 0.008375 0.007265
357 0.008479 0.007262
358 0.008484 0.007261
359 0.008264 0.007260
360 0.008050 0.007261
361 0.007841 0.007262
362 0.007638 0.007264
363 0.007440 0.007267
364 0.007248 0.007269
365 0.007060 0.007272
366 0.006877 0.007274
367 0.006699 0.007277
368 0.006525 0.007278
369 0.006356 0.007279
370 0.006192 0.007280
371 0.006031 0.007279
372 0.005875 0.007278
373 0.006308 0.007275
374 0.006798 0.007271
375 0.007226 0.007267
376 0.007577 0.007263
377 0.007861 0.007258
378 0.008088 0.007255
379 0.008269 0.007252
380 0.008410 0.007250
381 0.008507 0.007249
382 0.008510 0.007249
383 0.008290 0.007250
384 0.008075 0.007253
385 0.007866 0.007256
386 0.007662 0.007259
387 0.007464 0.007263
388 0.007270 0.007267
389 0.007082 0.007272
390 0.006898 0.007275
391 0.006720 0.007279
392 0.006546 0.007282
393 0.006376 0.007284
394 0.006211 0.007285
395 0.006050 0.007286
396 0.005893 0.007285
397 0.006163 0.007284
398 0.006589 0.007281
399 0.007002 0.007277
400 0.007360 0.007273
401 0.007658 0.007269
402 0.007908 0.007266
403 0.008108 0.007263
404 0.008264 0.007260
405 0.008360 0.007259
406 0.008319 0.007258
407 0.008104 0.007259
408 0.007894 0.007260
409 0.007689 0.007262
410 0.007490 0.007265
411 0.007296 0.007268
412 0.007107 0.007271
413 0.006923 0.007273
414 0.006743 0.007276
415 0.006569 0.007278
416 0.006399 0.007279
417 0.006233 0.007280
418 0.006071 0.007280
419 0.005914 0.007278
420 0.005761 0.007276
421 0.006210 0.007273
422 0.006719 0.007269
423 0.007162 0.007264
424 0.007526 0.007258
425 0.007821 0.007253
426 0.008056 0.007249
427 0.008243 0.007245
428 0.008390 0.007242
429 0.008493 0.007240
430 0.008505 0.007240
431 0.008285 0.007240
432 0.008070 0.007242
433 0.007861 0.007245
434 0.007658 0.007248
435 0.007459 0.007251
436 0.007266 0.007255
437 0.007078 0.007258
438 0.006894 0.007262
439 0.006716 0.007265
440 0.006542 0.007267
441 0.006372 0.007269
442 0.006207 0.007270
443 0.006046 0.007271
444 0.005890 0.007270
445 0.006316 0.007268
446 0.006805 0.007265
447 0.007233 0.007262
448 0.007584 0.007258
449 0.007867 0.007254
450 0.008093 0.007251
451 0.008273 0.007249
452 0.008414 0.007247
453 0.008513 0.007247
454 0.008525 0.007247
455 0.008305 0.007249
456 0.008089 0.007252
457 0.007880 0.007255
458 0.007676 0.007260
459 0.007477 0.007264
460 0.007283 0.007268
461 0.007095 0.007273
462 0.006911 0.007277
463 0.006732 0.007281
464 0.006557 0.007284
465 0.006388 0.007287
466 0.006222 0.007288
467 0.006061 0.007289
468 0.005904 0.007289
469 0.006324 0.007288
470 0.006811 0.007285
471 0.007236 0.007282
472 0.007587 0.007279
473 0.007869 0.007275
474 0.008095 0.007273
475 0.008274 0.007271
476 0.008414 0.007269
477 0.008515 0.007269
478 0.008533 0.007270
479 0.008312 0.007272
480 0.008097 0.007275
481 0.007887 0.007278
482 0.007683 0.007283
483 0.007484 0.007287
484 0.007290 0.007292
485 0.007101 0.007296
486 0.006917 0.007300
487 0.006738 0.007304
488 0.006563 0.007307
489 0.006393 0.007310
490 0.006228 0.007312
491 0.006066 0.007312
492 0.005909 0.007312
493 0.006171 0.007311
494 0.006598 0.007308
495 0.007011 0.007305
496 0.007369 0.007301
497 0.007667 0.007297
498 0.007921 0.007293
499 0.008124 0.007290
500 0.008282 0.007288
501 0.008400 0.007287
502 0.008415 0.007286
503 0.008197 0.007287
504 0.007984 0.007288
505 0.007777 0.007291
506 0.007576 0.007293
507 0.007380 0.007297
508 0.007189 0.007300
509 0.007002 0.007303
510 0.006821 0.007305
511 0.006644 0.007308
512 0.006472 0.007309
513 0.006304 0.007310
514 0.006141 0.007311
515 0.005982 0.007310
516 0.005827 0.007308
517 0.006104 0.007305
518 0.006548 0.007301
519 0.006998 0.007297
520 0.007377 0.007291
521 0.007689 0.007286
522 0.007940 0.007282
523 0.008141 0.007277
524 0.008297 0.007274
525 0.008408 0.007272
526 0.008415 0.007271
527 0.008197 0.007270
528 0.007985 0.007271
529 0.007778 0.007273
530 0.007576 0.007275
531 0.007380 0.007278
532 0.007189 0.007280
533 0.007003 0.007283
534 0.006821 0.007285
535 0.006645 0.007287
536 0.006472 0.007289
537 0.006305 0.007289
538 0.006141 0.007289
539 0.005982 0.007288
540 0.005827 0.007287
541 0.006145 0.007284
542 0.006609 0.007280
543 0.007021 0.007275
544 0.007378 0.007269
545 0.007675 0.007264
546 0.007912 0.007260
547 0.008102 0.007256
548 0.008250 0.007252
549 0.008361 0.007250
550 0.008358 0.007249
551 0.008141 0.007249
552 0.007931 0.007250
553 0.007725 0.007251
554 0.007525 0.007253
555 0.007330 0.007256
556 0.007140 0.007258
557 0.006955 0.007261
558 0.006775 0.007263
559 0.006599 0.007265
560 0.006429 0.007266
561 0.006262 0.007267
562 0.006100 0.007266
563 0.005942 0.007265
564 0.005788 0.007263
565 0.006140 0.007260
566 0.006623 0.007256
567 0.007066 0.007251
568 0.007438 0.007245
569 0.007741 0.007240
570 0.007984 0.007235
571 0.008178 0.007231
572 0.008330 0.007228
573 0.008426 0.007226
574 0.008416 0.007226
575 0.008198 0.007226
576 0.007985 0.007227
577 0.007779 0.007229
578 0.007577 0.007232
579 0.007381 0.007235
580 0.007190 0.007238
581 0.007003 0.007241
582 0.006822 0.007244
583 0.006645 0.007246
584 0.006473 0.007248
585 0.006305 0.007249
586 0.006142 0.007250
587 0.005983 0.007250
588 0.005828 0.007248
589 0.006197 0.007246
590 0.006683 0.007242
591 0.007125 0.007238
592 0.007491 0.007233
593 0.007789 0.007229
594 0.008027 0.007225
595 0.008216 0.007222
596 0.008364 0.007220
597 0.008465 0.007219
598 0.008475 0.007219
599 0.008255 0.007220
600 0.008041 0.007222
601 0.007833 0.007225
602 0.007630 0.007228
603 0.007432 0.007232
604 0.007240 0.007236
605 0.007052 0.007240
606 0.006870 0.007243
607 0.006692 0.007247
608 0.006518 0.007249
609 0.006349 0.007251
610 0.006185 0.007253
611 0.006025 0.007253
612 0.005869 0.007253
613 0.006258 0.007251
614 0.006746 0.007248
615 0.007180 0.007245
616 0.007539 0.007241
617 0.007829 0.007237
618 0.008062 0.007234
619 0.008247 0.007232
620 0.008392 0.007230
621 0.008494 0.007230
622 0.008516 0.007230
623 0.008296 0.007232
624 0.008081 0.007235
625 0.007871 0.007238
626 0.007667 0.007242
627 0.007469 0.007247
628 0.007275 0.007251
629 0.007087 0.007256
630 0.006903 0.007260
631 0.006724 0.007264
632 0.006550 0.007267
633 0.006381 0.007270
634 0.006215 0.007271
635 0.006054 0.007272
636 0.005897 0.007272
637 0.006187 0.007271
638 0.006638 0.007268
639 0.007064 0.007265
640 0.007426 0.007262
641 0.007724 0.007258
642 0.007969 0.007255
643 0.008164 0.007252
644 0.008316 0.007250
645 0.008430 0.007250
646 0.008456 0.007250
647 0.008237 0.007251
648 0.008023 0.007253
649 0.007816 0.007256
650 0.007613 0.007260
651 0.007416 0.007263
652 0.007224 0.007267
653 0.007037 0.007271
654 0.006854 0.007275
655 0.006677 0.007278
656 0.006504 0.007280
657 0.006335 0.007282
658 0.006171 0.007283
659 0.006011 0.007283
660 0.005856 0.007282
661 0.006209 0.007280
662 0.006689 0.007277
663 0.007115 0.007273
664 0.007474 0.007269
665 0.007767 0.007265
666 0.007996 0.007261
667 0.008179 0.007258
668 0.008322 0.007256
669 0.008432 0.007255
670 0.008455 0.007255
671 0.008236 0.007256
672 0.008022 0.007257
673 0.007815 0.007260
674 0.007612 0.007263
675 0.007415 0.007267
676 0.007223 0.007270
677 0.007036 0.007274
678 0.006854 0.007277
679 0.006676 0.007280
680 0.006503 0.007283
681 0.006335 0.007284
682 0.006170 0.007285
683 0.006011 0.007285
684 0.005855 0.007284
685 0.006134 0.007282
686 0.006586 0.007278
687 0.007031 0.007274
688 0.007407 0.007270
689 0.007714 0.007265
690 0.007965 0.007261
691 0.008165 0.007258
692 0.008323 0.007255
693 0.008436 0.007254
694 0.008467 0.007253
695 0.008248 0.007254
696 0.008034 0.007255
697 0.007826 0.007258
698 0.007623 0.007261
699 0.007426 0.007264
700 0.007233 0.007267
701 0.007046 0.007271
702 0.006863 0.007274
703 0.006686 0.007276
704 0.006512 0.007279
705 0.006344 0.007280
706 0.006179 0.007281
707 0.006019 0.007281
708 0.005863 0.007280
709 0.006067 0.007278
710 0.006478 0.007274
711 0.006894 0.007270
712 0.007261 0.007265
713 0.007571 0.007261
714 0.007826 0.007256
715 0.008032 0.007252
716 0.008192 0.007249
717 0.008304 0.007247
718 0.008306 0.007245
719 0.008091 0.007245
720 0.007881 0.007246
721 0.007677 0.007247
722 0.007478 0.007249
723 0.007285 0.007251
724 0.007096 0.007254
725 0.006912 0.007256
726 0.006733 0.007258
727 0.006559 0.007259
728 0.006389 0.007260
729 0.006223 0.007260
730 0.006062 0.007260
731 0.005905 0.007258
732 0.005752 0.007256
733 0.005603 0.007252
734 0.005458 0.007248
735 0.005316 0.007242
736 0.005179 0.007235
737 0.005045 0.007226
738 0.004914 0.007216
739 0.004787 0.007205
740 0.004663 0.007193
741 0.004542 0.007179
742 0.004424 0.007163
743 0.004310 0.007146
744 0.004198 0.007128
745 0.004089 0.007108
746 0.003983 0.007087
747 0.003880 0.007064
748 0.003779 0.007040
749 0.003682 0.007015
750 0.003586 0.006988
751 0.003493 0.006959
752 0.003403 0.006930
753 0.003315 0.006899
754 0.003229 0.006866
755 0.003145 0.006833
756 0.003064 0.006798
757 0.002984 0.006762
758 0.002907 0.006725
759 0.002832 0.006686
760 0.002758 0.006647
761 0.002687 0.006606
762 0.002617 0.006564
763 0.002549 0.006521
764 0.002483 0.006478
765 0.002419 0.006433
766 0.002356 0.006387
767 0.002295 0.006341
768 0.002236 0.006294
769 0.002178 0.006245
770 0.002122 0.006196
771 0.002067 0.006147
772 0.002013 0.006097
773 0.001961 0.006046
774 0.001910 0.005994
775 0.001861 0.005942
776 0.001812 0.005889
777 0.001765 0.005836
778 0.001720 0.005782
779 0.001675 0.005728
780 0.001632 0.005674
781 0.001590 0.005619
782 0.001548 0.005563
783 0.001508 0.005508
784 0.001469 0.005452
785 0.001431 0.005396
786 0.001394 0.005340
787 0.001358 0.005283
788 0.001323 0.005226
789 0.001288 0.005170
790 0.001255 0.005113
791 0.001223 0.005056
792 0.001191 0.004999
793 0.001160 0.004942
794 0.001130 0.004885
795 0.001101 0.004827
796 0.001072 0.004770
797 0.001044 0.004714
798 0.001017 0.004657
799 0.000991 0.004600
800 0.000965 0.004543
801 0.000940 0.004487
802 0.000916 0.004431
803 0.000892 0.004374
804 0.000869 0.004319
805 0.000847 0.004263
806 0.000825 0.004207
807 0.000803 0.004152
808 0.000783 0.004097
809 0.000762 0.004043
810 0.000743 0.003988
811 0.000723 0.003934
812 0.000705 0.003881
813 0.000686 0.003827
814 0.000669 0.003774
815 0.000651 0.003721
816 0.000634 0.003669
817 0.000618 0.003617
818 0.000602 0.003566
819 0.000586 0.003514
820 0.000571 0.003464
821 0.000556 0.003413
822 0.000542 0.003363
823 0.000528 0.003314
824 0.000514 0.003265
825 0.000501 0.003216
826 0.000488 0.003168
827 0.000475 0.003120
828 0.000463 0.003073
829 0.000451 0.003026
830 0.000439 0.002980
831 0.000428 0.002934
832 0.000417 0.002888
833 0.000406 0.002843
834 0.000395 0.002799
835 0.000385 0.002755
836 0.000375 0.002711
837 0.000366 0.002668
838 0.000356 0.002626
839 0.000347 0.002584
840 0.000338 0.002542
841 0.000329 0.002501
842 0.000321 0.002460
843 0.000312 0.002420
844 0.000304 0.002380
845 0.000296 0.002341
846 0.000289 0.002302
847 0.000281 0.002264
848 0.000274 0.002226
849 0.000267 0.002189
850 0.000260 0.002152
851 0.000253 0.002116
852 0.000247 0.002080
853 0.000240 0.002045
854 0.000234 0.002010
855 0.000228 0.001976
856 0.000222 0.001942
857 0.000216 0.001908
858 0.000211 0.001875
859 0.000205 0.001842
860 0.000200 0.001810
861 0.000195 0.001779
862 0.000190 0.001747
863 0.000185 0.001717
864 0.000180 0.001686
865 0.000175 0.001657
866 0.000171 0.001627
867 0.000166 0.001598
868 0.000162 0.001569
869 0.000158 0.001541
870 0.000154 0.001514
871 0.000150 0.001486
872 0.000146 0.001459
873 0.000142 0.001433
874 0.000138 0.001407
875 0.000135 0.001381
876 0.000131 0.001356
877 0.000128 0.001331
878 0.000125 0.001307
879 0.000121 0.001282
880 0.000118 0.001259
881 0.000115 0.001235
882 0.000112 0.001212
883 0.000109 0.001190
884 0.000106 0.001168
885 0.000104 0.001146
886 0.000101 0.001124
887 0.000098 0.001103
888 0.000096 0.001082
889 0.000093 0.001062
890 0.000091 0.001042
891 0.000089 0.001022
892 0.000086 0.001002
893 0.000084 0.000983
894 0.000082 0.000964
895 0.000080 0.000946
896 0.000078 0.000928
897 0.000076 0.000910
898 0.000074 0.000892
899 0.000072 0.000875
900 0.000070 0.000858
901 0.000068 0.000841
902 0.000066 0.000825
903 0.000065 0.000809
904 0.000063 0.000793
905 0.000061 0.000778
906 0.000060 0.000762
907 0.000058 0.000747
908 0.000057 0.000733
909 0.000055 0.000718
910 0.000054 0.000704
911 0.000052 0.000690
912 0.000051 0.000676
913 0.000050 0.000663
914 0.000048 0.000650
915 0.000047 0.000637
916 0.000046 0.000624
917 0.000045 0.000612
918 0.000044 0.000599
919 0.000042 0.000587
920 0.000041 0.000576
921 0.000040 0.000564
922 0.000039 0.000553
923 0.000038 0.000541
924 0.000037 0.000530
925 0.000036 0.000520
926 0.000035 0.000509
927 0.000034 0.000499
928 0.000034 0.000489
929 0.000033 0.000479
930 0.000032 0.000469
931 0.000031 0.000459
932 0.000030 0.000450
933 0.000029 0.000441
934 0.000029 0.000432
935 0.000028 0.000423
936 0.000027 0.000414
937 0.000026 0.000405
938 0.000026 0.000397
939 0.000025 0.000389
940 0.000024 0.000381
941 0.000024 0.000373
942 0.000023 0.000365
943 0.000023 0.000358
944 0.000022 0.000350
945 0.000021 0.000343
946 0.000021 0.000336
947 0.000020 0.000329
948 0.000020 0.000322
949 0.000019 0.000315
950 0.000019 0.000308
951 0.000018 0.000302
952 0.000018 0.000296
953 0.000017 0.000289
954 0.000017 0.000283
955 0.000017 0.000277
956 0.000016 0.000271
957 0.000016 0.000266
958 0.000015 0.000260
959 0.000015 0.000254
960 0.000014 0.000249
961 0.000014 0.000244
962 0.000014 0.000239
963 0.000013 0.000233
964 0.000013 0.000228
965 0.000013 0.000224
966 0.000012 0.000219
967 0.000012 0.000214
968 0.000012 0.000210
969 0.000011 0.000205
970 0.000011 0.000201
971 0.000011 0.000196
972 0.000011 0.000192
973 0.000010 0.000188
974 0.000010 0.000184
975 0.000010 0.000180
976 0.000010 0.000176
977 0.000009 0.000172
978 0.000009 0.000168
979 0.000009 0.000165
980 0.000009 0.000161
981 0.000008 0.000158
982 0.000008 0.000154
983 0.000008 0.000151
984 0.000008 0.000148
985 0.000008 0.000144
986 0.000007 0.000141
987 0.000007 0.000138
988 0.000007 0.000135
989 0.000007 0.000132
990 0.000007 0.000129
991 0.000006 0.000126
992 0.000006 0.000124
993 0.000006 0.000121
994 0.000006 0.000118
995 0.000006 0.000116
996 0.000006 0.000113
997 0.000005 0.000111
998 0.000005 0.000108
